<?xml version="1.0" encoding="UTF-8"?>
<testsuites tests="12" failures="2" disabled="0" errors="0" time="6.378" timestamp="2025-11-17T05:29:31.231" name="AllTests">
  <testsuite name="ParserTest" tests="12" failures="2" disabled="0" skipped="0" errors="0" time="6.378" timestamp="2025-11-17T05:29:31.231">
    <testcase name="CalibrationParserBaseCase" file="test/command-line/parsing/parser-test.cpp" line="15" status="run" result="completed" time="0.003" timestamp="2025-11-17T05:29:31.231" classname="ParserTest" />
    <testcase name="TestCalibrationParserGeneral" file="test/command-line/parsing/parser-test.cpp" line="31" status="run" result="completed" time="0" timestamp="2025-11-17T05:29:31.235" classname="ParserTest" />
    <testcase name="TestCalibrationParserFail" file="test/command-line/parsing/parser-test.cpp" line="50" status="run" result="completed" time="1.626" timestamp="2025-11-17T05:29:31.235" classname="ParserTest" />
    <testcase name="TestDistanceParserBadFlag" file="test/command-line/parsing/parser-test.cpp" line="57" status="run" result="completed" time="0.666" timestamp="2025-11-17T05:29:32.861" classname="ParserTest" />
    <testcase name="TestDistanceParserBaseCase" file="test/command-line/parsing/parser-test.cpp" line="64" status="run" result="completed" time="0.038" timestamp="2025-11-17T05:29:33.524" classname="ParserTest" />
    <testcase name="DistanceParserGeneral" file="test/command-line/parsing/parser-test.cpp" line="83" status="run" result="completed" time="1.374" timestamp="2025-11-17T05:29:33.562" classname="ParserTest">
      <failure message="test/command-line/parsing/parser-test.cpp:133&#x0A;Expected equality of these values:&#x0A;  &quot;example.found&quot;&#x0A;  options.outputFile&#x0A;    Which is: &quot;&quot;" type=""><![CDATA[test/command-line/parsing/parser-test.cpp:133
Expected equality of these values:
  "example.found"
  options.outputFile
    Which is: ""]]></failure>
    </testcase>
    <testcase name="DistanceParserNoRefAsOriValue" file="test/command-line/parsing/parser-test.cpp" line="139" status="run" result="completed" time="1.162" timestamp="2025-11-17T05:29:34.937" classname="ParserTest">
      <failure message="test/command-line/parsing/parser-test.cpp:154&#x0A;Expected equality of these values:&#x0A;  expectedDataFile.header.version&#x0A;    Which is: 1&#x0A;  options.calibrationData.header.version&#x0A;    Which is: 0" type=""><![CDATA[test/command-line/parsing/parser-test.cpp:154
Expected equality of these values:
  expectedDataFile.header.version
    Which is: 1
  options.calibrationData.header.version
    Which is: 0]]></failure>
    </testcase>
    <testcase name="TestDistanceParserRefAsOriWithEquals" file="test/command-line/parsing/parser-test.cpp" line="161" status="run" result="completed" time="0" timestamp="2025-11-17T05:29:36.099" classname="ParserTest" />
    <testcase name="TestDistanceParserRefAsOriEnd" file="test/command-line/parsing/parser-test.cpp" line="170" status="run" result="completed" time="0" timestamp="2025-11-17T05:29:36.099" classname="ParserTest" />
    <testcase name="TestOrbitParserBadFlag" file="test/command-line/parsing/parser-test.cpp" line="179" status="run" result="completed" time="1.452" timestamp="2025-11-17T05:29:36.099" classname="ParserTest" />
    <testcase name="OrbitParserBaseCase" file="test/command-line/parsing/parser-test.cpp" line="186" status="run" result="completed" time="0" timestamp="2025-11-17T05:29:37.552" classname="ParserTest" />
    <testcase name="OrbitParserGeneral" file="test/command-line/parsing/parser-test.cpp" line="200" status="run" result="completed" time="0.054" timestamp="2025-11-17T05:29:37.552" classname="ParserTest" />
  </testsuite>
</testsuites>
